<?xml version="1.0" encoding="UTF-8"?>
<!-- Generated by org.testng.reporters.JUnitReportReporter -->
<testsuite skipped="0" hostname="LAPTOP-TL4SNSBJ" name="ProductsTS.GiftCardsTS.GiftCardsTC" tests="1" failures="0" timestamp="20 Jan 2021 06:06:41 GMT" time="29.964" errors="0">
  <testcase name="activateGiftCards_06" time="29.964" classname="ProductsTS.GiftCardsTS.GiftCardsTC"/>
</testsuite> <!-- ProductsTS.GiftCardsTS.GiftCardsTC -->
