<?xml version="1.0" encoding="UTF-8"?>
<!-- Generated by org.testng.reporters.JUnitReportReporter -->
<testsuite skipped="3" hostname="LAPTOP-TL4SNSBJ" name="ProductsTS.ProductsTS.ProductsTC" tests="6" failures="0" timestamp="11 Feb 2021 10:58:23 GMT" time="222.847" errors="0">
  <testcase name="d_importMultipleVariantProductsAndVerifyThat_17" time="49.987" classname="ProductsTS.ProductsTS.ProductsTC"/>
  <testcase name="f_importMultipleUnitOfMeasureProductsAndVerifyThat_21" time="113.895" classname="ProductsTS.ProductsTS.ProductsTC"/>
  <testcase name="e_importMultipleCompositeProductsAndVerifyThat_18" time="58.965" classname="ProductsTS.ProductsTS.ProductsTC"/>
  <testcase name="a_addedNewVariantProductWithDifferentSizeandColour_12" classname="ProductsTS.ProductsTS.ProductsTC">
    <skipped/>
  </testcase> <!-- a_addedNewVariantProductWithDifferentSizeandColour_12 -->
  <testcase name="b_CreateMultipleCompositeProductAndReviewInPOSScreen_15" classname="ProductsTS.ProductsTS.ProductsTC">
    <skipped/>
  </testcase> <!-- b_CreateMultipleCompositeProductAndReviewInPOSScreen_15 -->
  <testcase name="c_addNewUnityOfMeasureProduct_20" classname="ProductsTS.ProductsTS.ProductsTC">
    <skipped/>
  </testcase> <!-- c_addNewUnityOfMeasureProduct_20 -->
</testsuite> <!-- ProductsTS.ProductsTS.ProductsTC -->
