<?xml version="1.0" encoding="UTF-8"?>
<!-- Generated by org.testng.reporters.JUnitReportReporter -->
<testsuite skipped="0" hostname="LAPTOP-TL4SNSBJ" name="LoginTS.LoginTC" tests="1" failures="0" timestamp="11 Feb 2021 12:05:14 GMT" time="94.528" errors="0">
  <testcase name="a_verifyLoginFunctionality_03" time="94.528" classname="LoginTS.LoginTC"/>
</testsuite> <!-- LoginTS.LoginTC -->
