<?xml version="1.0" encoding="UTF-8"?>
<!-- Generated by org.testng.reporters.JUnitReportReporter -->
<testsuite skipped="0" hostname="LAPTOP-TL4SNSBJ" name="CustomersTS.CustomersTC" tests="1" failures="0" timestamp="11 Feb 2021 10:58:23 GMT" time="45.501" errors="0">
  <testcase name="a_importMultipleCustomersAndVerifyThat_16" time="45.501" classname="CustomersTS.CustomersTC"/>
</testsuite> <!-- CustomersTS.CustomersTC -->
