<?xml version="1.0" encoding="UTF-8"?>
<!-- Generated by org.testng.reporters.JUnitReportReporter -->
<testsuite skipped="0" hostname="LAPTOP-TL4SNSBJ" name="CreateStoreTS.CreateStoreTC" tests="1" failures="0" timestamp="21 Jan 2021 12:22:21 GMT" time="38.841" errors="0">
  <testcase name="b_verifyCreateStoreFunctionalitydynamic_02" time="38.841" classname="CreateStoreTS.CreateStoreTC"/>
</testsuite> <!-- CreateStoreTS.CreateStoreTC -->
