<?xml version="1.0" encoding="UTF-8"?>
<!-- Generated by org.testng.reporters.JUnitReportReporter -->
<testsuite skipped="0" hostname="LAPTOP-TL4SNSBJ" name="PointofSaleTS.ProcessSaleTS.ProcessSaleTC" tests="2" failures="0" timestamp="11 Feb 2021 12:05:14 GMT" time="365.804" errors="0">
  <testcase name="d_saleUnitOfMeasureProductAndVerifyInSaleHistoryAndReportingSide_22" time="184.889" classname="PointofSaleTS.ProcessSaleTS.ProcessSaleTC"/>
  <testcase name="c_saleCompositeProductAndVerifyInSaleHistoryAndReportingSide_19" time="180.915" classname="PointofSaleTS.ProcessSaleTS.ProcessSaleTC"/>
</testsuite> <!-- PointofSaleTS.ProcessSaleTS.ProcessSaleTC -->
